<?xml version="1.0" encoding="UTF-8"?>
<!-- Generated by org.testng.reporters.JUnitReportReporter -->
<testsuite hostname="DESKTOP-U2LG7GB" failures="0" tests="2" name="training.depend" time="4.860" errors="0" timestamp="2022-04-19T21:25:48 IST" skipped="0">
  <testcase classname="training.depend" name="Calculator" time="4.842"/>
  <system-out/>
  <testcase classname="training.depend" name="LandingPage" time="0.018"/>
  <system-out/>
</testsuite> <!-- training.depend -->
