<?xml version="1.0" encoding="UTF-8"?>
<!-- Generated by org.testng.reporters.JUnitReportReporter -->
<testsuite hostname="DESKTOP-U2LG7GB" failures="0" tests="3" name="training.ITest_context" time="0.020" errors="0" timestamp="2022-04-19T11:19:57 IST" skipped="0">
  <testcase classname="training.ITest_context" name="setup" time="0.013"/>
  <system-out/>
  <testcase classname="training.ITest_context" name="Logic" time="0.002"/>
  <system-out/>
  <testcase classname="training.ITest_context" name="exit" time="0.005"/>
  <system-out/>
</testsuite> <!-- training.ITest_context -->
