<?xml version="1.0" encoding="UTF-8"?>
<!-- Generated by org.testng.reporters.JUnitReportReporter -->
<testsuite hostname="DESKTOP-U2LG7GB" failures="0" tests="6" name="training.Group" time="0.022" errors="0" timestamp="2022-04-22T12:07:09 IST" skipped="0">
  <testcase classname="training.Group" name="TC1" time="0.010"/>
  <system-out/>
  <testcase classname="training.Group" name="TC2" time="0.002"/>
  <system-out/>
  <testcase classname="training.Group" name="TC4" time="0.003"/>
  <system-out/>
  <testcase classname="training.Group" name="TC3" time="0.004"/>
  <system-out/>
  <testcase classname="training.Group" name="TC5" time="0.002"/>
  <system-out/>
  <testcase classname="training.Group" name="TC6" time="0.001"/>
  <system-out/>
</testsuite> <!-- training.Group -->
