<?xml version="1.0" encoding="UTF-8"?>
<!-- Generated by org.testng.reporters.JUnitReportReporter -->
<testsuite hostname="DESKTOP-U2LG7GB" failures="0" tests="3" name="training.Data_Provider" time="0.010" errors="0" timestamp="2022-04-19T19:54:04 IST" skipped="0">
  <testcase classname="training.Data_Provider" name="DataMatrix" time="0.003"/>
  <system-out/>
  <testcase classname="training.Data_Provider" name="DataMatrix" time="0.002"/>
  <system-out/>
  <testcase classname="training.Data_Provider" name="DataMatrix" time="0.005"/>
  <system-out/>
</testsuite> <!-- training.Data_Provider -->
