<?xml version="1.0" encoding="UTF-8"?>
<!-- Generated by org.testng.reporters.JUnitReportReporter -->
<testsuite hostname="DESKTOP-U2LG7GB" failures="0" tests="6" name="training.Test_Priority" time="0.028" errors="0" timestamp="2022-04-11T10:38:57 IST" skipped="0">
  <testcase classname="training.Test_Priority" name="UserLogIn" time="0.011"/>
  <system-out/>
  <testcase classname="training.Test_Priority" name="UserCreditial" time="0.002"/>
  <system-out/>
  <testcase classname="training.Test_Priority" name="UserdashBoard" time="0.005"/>
  <system-out/>
  <testcase classname="training.Test_Priority" name="AddBenefiaciary" time="0.002"/>
  <system-out/>
  <testcase classname="training.Test_Priority" name="BenefiaciaryValid" time="0.003"/>
  <system-out/>
  <testcase classname="training.Test_Priority" name="UserLogOut" time="0.005"/>
  <system-out/>
</testsuite> <!-- training.Test_Priority -->
