<?xml version="1.0" encoding="UTF-8"?>
<!-- Generated by org.testng.reporters.JUnitReportReporter -->
<testsuite hostname="DESKTOP-U2LG7GB" failures="0" tests="5" name="ParallelTestNG.parallelTextNG2" time="152.574" errors="0" timestamp="2022-04-22T10:42:53 IST" skipped="0">
  <testcase classname="ParallelTestNG.parallelTextNG2" name="TC1" time="21.785"/>
  <system-out/>
  <testcase classname="ParallelTestNG.parallelTextNG2" name="TC1" time="21.457"/>
  <system-out/>
  <testcase classname="ParallelTestNG.parallelTextNG2" name="TC1" time="22.078"/>
  <system-out/>
  <testcase classname="ParallelTestNG.parallelTextNG2" name="TC2" time="16.070"/>
  <system-out/>
  <testcase classname="ParallelTestNG.parallelTextNG2" name="TC3" time="71.184"/>
  <system-out/>
</testsuite> <!-- ParallelTestNG.parallelTextNG2 -->
