<?xml version="1.0" encoding="UTF-8"?>
<!-- Generated by org.testng.reporters.JUnitReportReporter -->
<testsuite hostname="DESKTOP-U2LG7GB" failures="0" tests="2" name="training.B4method" time="0.016" errors="0" timestamp="2022-04-19T19:54:04 IST" skipped="0">
  <testcase classname="training.B4method" name="UserDashboard" time="0.006"/>
  <system-out/>
  <testcase classname="training.B4method" name="LoggedIn" time="0.010"/>
  <system-out/>
</testsuite> <!-- training.B4method -->
