<?xml version="1.0" encoding="UTF-8"?>
<!-- Generated by org.testng.reporters.JUnitReportReporter -->
<testsuite hostname="DESKTOP-U2LG7GB" failures="0" tests="2" name="training.TestNG_Annotation" time="0.017" errors="0" timestamp="2022-04-10T11:07:10 IST" skipped="0">
  <testcase classname="training.TestNG_Annotation" name="Logouttest" time="0.009"/>
  <system-out/>
  <testcase classname="training.TestNG_Annotation" name="logintest" time="0.008"/>
  <system-out/>
</testsuite> <!-- training.TestNG_Annotation -->
