<?xml version="1.0" encoding="UTF-8"?>
<!-- Generated by org.testng.reporters.JUnitReportReporter -->
<testsuite hostname="DESKTOP-U2LG7GB" failures="0" tests="1" name="training.Parameterized" time="12.193" errors="0" timestamp="2022-04-19T21:23:38 IST" skipped="0">
  <testcase classname="training.Parameterized" name="rediff" time="12.193"/>
  <system-out/>
</testsuite> <!-- training.Parameterized -->
