<?xml version="1.0" encoding="UTF-8"?>
<!-- Generated by org.testng.reporters.JUnitReportReporter -->
<testsuite hostname="DESKTOP-U2LG7GB" failures="0" tests="5" name="ParallelTestNG.paralelTextNG" time="101.694" errors="0" timestamp="2022-04-22T10:42:53 IST" skipped="0">
  <testcase classname="ParallelTestNG.paralelTextNG" name="TC3" time="13.842"/>
  <system-out/>
  <testcase classname="ParallelTestNG.paralelTextNG" name="TC1" time="23.356"/>
  <system-out/>
  <testcase classname="ParallelTestNG.paralelTextNG" name="TC2" time="17.651"/>
  <system-out/>
  <testcase classname="ParallelTestNG.paralelTextNG" name="TC1" time="23.584"/>
  <system-out/>
  <testcase classname="ParallelTestNG.paralelTextNG" name="TC1" time="23.261"/>
  <system-out/>
</testsuite> <!-- ParallelTestNG.paralelTextNG -->
